<?xml version="1.0" encoding="UTF-8"?>
<!-- Generated by org.testng.reporters.JUnitReportReporter -->
<testsuite hostname="DESKTOP-5GQ4SIC" failures="0" tests="1" name="testNG.Demo" time="0.003" errors="0" timestamp="2022-02-18T09:25:32 IST" skipped="0">
  <testcase classname="testNG.Demo" name="a" time="0.003"/>
  <system-out>
    <![CDATA[from Demo]]>
  </system-out>
</testsuite> <!-- testNG.Demo -->
