<?xml version="1.0" encoding="UTF-8"?>
<!-- Generated by org.testng.reporters.JUnitReportReporter -->
<testsuite hostname="DESKTOP-5GQ4SIC" failures="0" tests="1" name="testNGParallelClasses.Test1" time="10.608" errors="0" timestamp="2022-03-01T08:13:21 IST" skipped="0">
  <testcase classname="testNGParallelClasses.Test1" name="test1" time="10.608"/>
  <system-out/>
</testsuite> <!-- testNGParallelClasses.Test1 -->
