<?xml version="1.0" encoding="UTF-8"?>
<!-- Generated by org.testng.reporters.JUnitReportReporter -->
<testsuite hostname="DESKTOP-5GQ4SIC" failures="0" tests="5" name="testNG.TestCase1" time="86.991" errors="0" timestamp="2022-02-26T08:10:16 IST" skipped="0">
  <testcase classname="testNG.TestCase1" name="testOrangeHRM" time="16.735"/>
  <system-out/>
  <testcase classname="testNG.TestCase1" name="testOrangeHRM" time="19.703"/>
  <system-out/>
  <testcase classname="testNG.TestCase1" name="testOrangeHRM" time="16.965"/>
  <system-out/>
  <testcase classname="testNG.TestCase1" name="testOrangeHRM" time="16.806"/>
  <system-out/>
  <testcase classname="testNG.TestCase1" name="testOrangeHRM" time="16.782"/>
  <system-out/>
</testsuite> <!-- testNG.TestCase1 -->
