<?xml version="1.0" encoding="UTF-8"?>
<!-- Generated by org.testng.reporters.JUnitReportReporter -->
<testsuite hostname="DESKTOP-5GQ4SIC" failures="0" tests="1" name="testNG.ActiTimeReadDataFromXml" time="2.176" errors="0" timestamp="2022-03-01T08:14:00 IST" skipped="0">
  <testcase classname="testNG.ActiTimeReadDataFromXml" name="actiTimeLogin" time="2.176"/>
  <system-out/>
</testsuite> <!-- testNG.ActiTimeReadDataFromXml -->
