<?xml version="1.0" encoding="UTF-8"?>
<!-- Generated by org.testng.reporters.JUnitReportReporter -->
<testsuite hostname="DESKTOP-5GQ4SIC" failures="0" tests="1" name="testNGParallelClasses.Test4" time="10.431" errors="0" timestamp="2022-03-01T08:13:21 IST" skipped="0">
  <testcase classname="testNGParallelClasses.Test4" name="test4" time="10.431"/>
  <system-out/>
</testsuite> <!-- testNGParallelClasses.Test4 -->
