<?xml version="1.0" encoding="UTF-8"?>
<!-- Generated by org.testng.reporters.JUnitReportReporter -->
<testsuite hostname="DESKTOP-5GQ4SIC" failures="0" tests="2" name="testNG.ActiTimeXmlWithDifferentBrowser$ActiTimeLogin" time="6.777" errors="0" timestamp="2022-03-01T08:13:40 IST" skipped="0">
  <testcase classname="testNG.ActiTimeXmlWithDifferentBrowser$ActiTimeLogin" name="openBrowser" time="2.238"/>
  <system-out/>
  <testcase classname="testNG.ActiTimeXmlWithDifferentBrowser$ActiTimeLogin" name="openBrowser" time="4.539"/>
  <system-out/>
</testsuite> <!-- testNG.ActiTimeXmlWithDifferentBrowser$ActiTimeLogin -->
