<?xml version="1.0" encoding="UTF-8"?>
<!-- Generated by org.testng.reporters.JUnitReportReporter -->
<testsuite hostname="DESKTOP-5GQ4SIC" failures="0" tests="2" name="testAnnotations.TestNGAnnotation3" time="0.009" errors="0" timestamp="2022-02-23T18:03:04 IST" skipped="0">
  <testcase classname="testAnnotations.TestNGAnnotation3" name="testScript2" time="0.004"/>
  <system-out>
    <![CDATA[test script 2]]>
  </system-out>
  <testcase classname="testAnnotations.TestNGAnnotation3" name="testScript1" time="0.005"/>
  <system-out>
    <![CDATA[test script ]]>
  </system-out>
</testsuite> <!-- testAnnotations.TestNGAnnotation3 -->
