<?xml version="1.0" encoding="UTF-8"?>
<!-- Generated by org.testng.reporters.JUnitReportReporter -->
<testsuite hostname="DESKTOP-5GQ4SIC" failures="0" tests="1" name="testNG.Remo" time="0.002" errors="0" timestamp="2022-02-18T09:25:32 IST" skipped="0">
  <testcase classname="testNG.Remo" name="b" time="0.002"/>
  <system-out>
    <![CDATA[from Remo]]>
  </system-out>
</testsuite> <!-- testNG.Remo -->
