<?xml version="1.0" encoding="UTF-8"?>
<!-- Generated by org.testng.reporters.JUnitReportReporter -->
<testsuite hostname="DESKTOP-5GQ4SIC" failures="0" tests="12" name="testNGFlags.Flag8" time="0.029" errors="0" timestamp="2022-02-19T10:10:13 IST" skipped="0">
  <testcase classname="testNGFlags.Flag8" name="st5" time="0.001"/>
  <system-out>
    <![CDATA[smoke test case 5]]>
  </system-out>
  <testcase classname="testNGFlags.Flag8" name="st2" time="0.001"/>
  <system-out>
    <![CDATA[smoke test case 2]]>
  </system-out>
  <testcase classname="testNGFlags.Flag8" name="ft6" time="0.001"/>
  <system-out>
    <![CDATA[functional test case 6]]>
  </system-out>
  <testcase classname="testNGFlags.Flag8" name="st1" time="0.002"/>
  <system-out>
    <![CDATA[smoke test case 1]]>
  </system-out>
  <testcase classname="testNGFlags.Flag8" name="ft1" time="0.014"/>
  <system-out>
    <![CDATA[functional test case 1]]>
  </system-out>
  <testcase classname="testNGFlags.Flag8" name="ft2" time="0.002"/>
  <system-out>
    <![CDATA[functional test case 2]]>
  </system-out>
  <testcase classname="testNGFlags.Flag8" name="st4" time="0.001"/>
  <system-out>
    <![CDATA[smoke test case 4]]>
  </system-out>
  <testcase classname="testNGFlags.Flag8" name="st3" time="0.001"/>
  <system-out>
    <![CDATA[smoke test case 3]]>
  </system-out>
  <testcase classname="testNGFlags.Flag8" name="ft3" time="0.002"/>
  <system-out>
    <![CDATA[functional test case 3]]>
  </system-out>
  <testcase classname="testNGFlags.Flag8" name="st6" time="0.001"/>
  <system-out>
    <![CDATA[smoke test case 6]]>
  </system-out>
  <testcase classname="testNGFlags.Flag8" name="ft4" time="0.002"/>
  <system-out>
    <![CDATA[functional test case 4]]>
  </system-out>
  <testcase classname="testNGFlags.Flag8" name="ft5" time="0.001"/>
  <system-out>
    <![CDATA[functional test case 5]]>
  </system-out>
</testsuite> <!-- testNGFlags.Flag8 -->
