<?xml version="1.0" encoding="UTF-8"?>
<!-- Generated by org.testng.reporters.JUnitReportReporter -->
<testsuite hostname="DESKTOP-5GQ4SIC" failures="0" tests="1" name="testAnnotations.TestNGAnnotation2" time="0.006" errors="0" timestamp="2022-02-23T08:57:55 IST" skipped="0">
  <testcase classname="testAnnotations.TestNGAnnotation2" name="testScript1" time="0.006"/>
  <system-out>
    <![CDATA[test script ]]>
  </system-out>
</testsuite> <!-- testAnnotations.TestNGAnnotation2 -->
