<?xml version="1.0" encoding="UTF-8"?>
<!-- Generated by org.testng.reporters.JUnitReportReporter -->
<testsuite hostname="DESKTOP-5GQ4SIC" failures="0" tests="2" name="testNGFlags.Flag7" time="0.009" errors="0" timestamp="2022-02-19T09:32:30 IST" skipped="1">
  <testcase classname="testNGFlags.Flag7" name="g" time="0.009"/>
  <system-out>
    <![CDATA[Test case got executed,]]>
  </system-out>
  <testcase classname="testNGFlags.Flag7" name="f">
    <skipped/>
  </testcase> <!-- f -->
  <system-out/>
</testsuite> <!-- testNGFlags.Flag7 -->
