<?xml version="1.0" encoding="UTF-8"?>
<!-- Generated by org.testng.reporters.JUnitReportReporter -->
<testsuite hostname="DESKTOP-5GQ4SIC" failures="0" tests="2" name="testNGFlags.Flag4" time="0.009" errors="0" timestamp="2022-02-19T09:24:29 IST" skipped="0">
  <testcase classname="testNGFlags.Flag4" name="signin" time="0.007"/>
  <system-out>
    <![CDATA[login feature]]>
  </system-out>
  <testcase classname="testNGFlags.Flag4" name="logout" time="0.002"/>
  <system-out>
    <![CDATA[logout feature]]>
  </system-out>
</testsuite> <!-- testNGFlags.Flag4 -->
