<?xml version="1.0" encoding="UTF-8"?>
<!-- Generated by org.testng.reporters.JUnitReportReporter -->
<testsuite hostname="DESKTOP-5GQ4SIC" failures="0" tests="1" name="testAnnotations.ActiTimeValidLogin" time="2.472" errors="0" timestamp="2022-02-23T09:22:28 IST" skipped="0">
  <testcase classname="testAnnotations.ActiTimeValidLogin" name="test" time="2.472"/>
  <system-out/>
</testsuite> <!-- testAnnotations.ActiTimeValidLogin -->
