<?xml version="1.0" encoding="UTF-8"?>
<!-- Generated by org.testng.reporters.JUnitReportReporter -->
<testsuite hostname="DESKTOP-5GQ4SIC" failures="0" tests="1" name="testNG.Sumo" time="0.027" errors="0" timestamp="2022-02-18T09:25:32 IST" skipped="0">
  <testcase classname="testNG.Sumo" name="c" time="0.027"/>
  <system-out>
    <![CDATA[from sumo]]>
  </system-out>
</testsuite> <!-- testNG.Sumo -->
