<?xml version="1.0" encoding="UTF-8"?>
<!-- Generated by org.testng.reporters.JUnitReportReporter -->
<testsuite hostname="DESKTOP-5GQ4SIC" failures="0" tests="2" name="testNGParallelMethod.ParallelMethodExecution" time="0.030" errors="0" timestamp="2022-02-24T08:51:34 IST" skipped="0">
  <testcase classname="testNGParallelMethod.ParallelMethodExecution" name="method2" time="0.015"/>
  <system-out>
    <![CDATA[method2
19]]>
  </system-out>
  <testcase classname="testNGParallelMethod.ParallelMethodExecution" name="method1" time="0.015"/>
  <system-out>
    <![CDATA[method1
18]]>
  </system-out>
</testsuite> <!-- testNGParallelMethod.ParallelMethodExecution -->
