<?xml version="1.0" encoding="UTF-8"?>
<!-- Generated by org.testng.reporters.JUnitReportReporter -->
<testsuite hostname="DESKTOP-5GQ4SIC" failures="0" tests="100" name="testNGFlags.Flag3" time="0.090" errors="0" timestamp="2022-02-19T09:21:19 IST" skipped="0">
  <testcase classname="testNGFlags.Flag3" name="a" time="0.001"/>
  <system-out>
    <![CDATA[generate the inconsistent bug]]>
  </system-out>
  <testcase classname="testNGFlags.Flag3" name="a" time="0.001"/>
  <system-out>
    <![CDATA[generate the inconsistent bug]]>
  </system-out>
  <testcase classname="testNGFlags.Flag3" name="a" time="0.002"/>
  <system-out>
    <![CDATA[generate the inconsistent bug]]>
  </system-out>
  <testcase classname="testNGFlags.Flag3" name="a" time="0.001"/>
  <system-out>
    <![CDATA[generate the inconsistent bug]]>
  </system-out>
  <testcase classname="testNGFlags.Flag3" name="a" time="0.001"/>
  <system-out>
    <![CDATA[generate the inconsistent bug]]>
  </system-out>
  <testcase classname="testNGFlags.Flag3" name="a" time="0.000"/>
  <system-out>
    <![CDATA[generate the inconsistent bug]]>
  </system-out>
  <testcase classname="testNGFlags.Flag3" name="a" time="0.001"/>
  <system-out>
    <![CDATA[generate the inconsistent bug]]>
  </system-out>
  <testcase classname="testNGFlags.Flag3" name="a" time="0.001"/>
  <system-out>
    <![CDATA[generate the inconsistent bug]]>
  </system-out>
  <testcase classname="testNGFlags.Flag3" name="a" time="0.001"/>
  <system-out>
    <![CDATA[generate the inconsistent bug]]>
  </system-out>
  <testcase classname="testNGFlags.Flag3" name="a" time="0.001"/>
  <system-out>
    <![CDATA[generate the inconsistent bug]]>
  </system-out>
  <testcase classname="testNGFlags.Flag3" name="a" time="0.001"/>
  <system-out>
    <![CDATA[generate the inconsistent bug]]>
  </system-out>
  <testcase classname="testNGFlags.Flag3" name="a" time="0.000"/>
  <system-out>
    <![CDATA[generate the inconsistent bug]]>
  </system-out>
  <testcase classname="testNGFlags.Flag3" name="a" time="0.000"/>
  <system-out>
    <![CDATA[generate the inconsistent bug]]>
  </system-out>
  <testcase classname="testNGFlags.Flag3" name="a" time="0.000"/>
  <system-out>
    <![CDATA[generate the inconsistent bug]]>
  </system-out>
  <testcase classname="testNGFlags.Flag3" name="a" time="0.001"/>
  <system-out>
    <![CDATA[generate the inconsistent bug]]>
  </system-out>
  <testcase classname="testNGFlags.Flag3" name="a" time="0.001"/>
  <system-out>
    <![CDATA[generate the inconsistent bug]]>
  </system-out>
  <testcase classname="testNGFlags.Flag3" name="a" time="0.000"/>
  <system-out>
    <![CDATA[generate the inconsistent bug]]>
  </system-out>
  <testcase classname="testNGFlags.Flag3" name="a" time="0.001"/>
  <system-out>
    <![CDATA[generate the inconsistent bug]]>
  </system-out>
  <testcase classname="testNGFlags.Flag3" name="a" time="0.001"/>
  <system-out>
    <![CDATA[generate the inconsistent bug]]>
  </system-out>
  <testcase classname="testNGFlags.Flag3" name="a" time="0.000"/>
  <system-out>
    <![CDATA[generate the inconsistent bug]]>
  </system-out>
  <testcase classname="testNGFlags.Flag3" name="a" time="0.001"/>
  <system-out>
    <![CDATA[generate the inconsistent bug]]>
  </system-out>
  <testcase classname="testNGFlags.Flag3" name="a" time="0.001"/>
  <system-out>
    <![CDATA[generate the inconsistent bug]]>
  </system-out>
  <testcase classname="testNGFlags.Flag3" name="a" time="0.001"/>
  <system-out>
    <![CDATA[generate the inconsistent bug]]>
  </system-out>
  <testcase classname="testNGFlags.Flag3" name="a" time="0.001"/>
  <system-out>
    <![CDATA[generate the inconsistent bug]]>
  </system-out>
  <testcase classname="testNGFlags.Flag3" name="a" time="0.001"/>
  <system-out>
    <![CDATA[generate the inconsistent bug]]>
  </system-out>
  <testcase classname="testNGFlags.Flag3" name="a" time="0.000"/>
  <system-out>
    <![CDATA[generate the inconsistent bug]]>
  </system-out>
  <testcase classname="testNGFlags.Flag3" name="a" time="0.001"/>
  <system-out>
    <![CDATA[generate the inconsistent bug]]>
  </system-out>
  <testcase classname="testNGFlags.Flag3" name="a" time="0.001"/>
  <system-out>
    <![CDATA[generate the inconsistent bug]]>
  </system-out>
  <testcase classname="testNGFlags.Flag3" name="a" time="0.000"/>
  <system-out>
    <![CDATA[generate the inconsistent bug]]>
  </system-out>
  <testcase classname="testNGFlags.Flag3" name="a" time="0.001"/>
  <system-out>
    <![CDATA[generate the inconsistent bug]]>
  </system-out>
  <testcase classname="testNGFlags.Flag3" name="a" time="0.001"/>
  <system-out>
    <![CDATA[generate the inconsistent bug]]>
  </system-out>
  <testcase classname="testNGFlags.Flag3" name="a" time="0.000"/>
  <system-out>
    <![CDATA[generate the inconsistent bug]]>
  </system-out>
  <testcase classname="testNGFlags.Flag3" name="a" time="0.000"/>
  <system-out>
    <![CDATA[generate the inconsistent bug]]>
  </system-out>
  <testcase classname="testNGFlags.Flag3" name="a" time="0.000"/>
  <system-out>
    <![CDATA[generate the inconsistent bug]]>
  </system-out>
  <testcase classname="testNGFlags.Flag3" name="a" time="0.001"/>
  <system-out>
    <![CDATA[generate the inconsistent bug]]>
  </system-out>
  <testcase classname="testNGFlags.Flag3" name="a" time="0.001"/>
  <system-out>
    <![CDATA[generate the inconsistent bug]]>
  </system-out>
  <testcase classname="testNGFlags.Flag3" name="a" time="0.001"/>
  <system-out>
    <![CDATA[generate the inconsistent bug]]>
  </system-out>
  <testcase classname="testNGFlags.Flag3" name="a" time="0.001"/>
  <system-out>
    <![CDATA[generate the inconsistent bug]]>
  </system-out>
  <testcase classname="testNGFlags.Flag3" name="a" time="0.000"/>
  <system-out>
    <![CDATA[generate the inconsistent bug]]>
  </system-out>
  <testcase classname="testNGFlags.Flag3" name="a" time="0.001"/>
  <system-out>
    <![CDATA[generate the inconsistent bug]]>
  </system-out>
  <testcase classname="testNGFlags.Flag3" name="a" time="0.000"/>
  <system-out>
    <![CDATA[generate the inconsistent bug]]>
  </system-out>
  <testcase classname="testNGFlags.Flag3" name="a" time="0.001"/>
  <system-out>
    <![CDATA[generate the inconsistent bug]]>
  </system-out>
  <testcase classname="testNGFlags.Flag3" name="a" time="0.000"/>
  <system-out>
    <![CDATA[generate the inconsistent bug]]>
  </system-out>
  <testcase classname="testNGFlags.Flag3" name="a" time="0.001"/>
  <system-out>
    <![CDATA[generate the inconsistent bug]]>
  </system-out>
  <testcase classname="testNGFlags.Flag3" name="a" time="0.001"/>
  <system-out>
    <![CDATA[generate the inconsistent bug]]>
  </system-out>
  <testcase classname="testNGFlags.Flag3" name="a" time="0.002"/>
  <system-out>
    <![CDATA[generate the inconsistent bug]]>
  </system-out>
  <testcase classname="testNGFlags.Flag3" name="a" time="0.001"/>
  <system-out>
    <![CDATA[generate the inconsistent bug]]>
  </system-out>
  <testcase classname="testNGFlags.Flag3" name="a" time="0.001"/>
  <system-out>
    <![CDATA[generate the inconsistent bug]]>
  </system-out>
  <testcase classname="testNGFlags.Flag3" name="a" time="0.001"/>
  <system-out>
    <![CDATA[generate the inconsistent bug]]>
  </system-out>
  <testcase classname="testNGFlags.Flag3" name="a" time="0.001"/>
  <system-out>
    <![CDATA[generate the inconsistent bug]]>
  </system-out>
  <testcase classname="testNGFlags.Flag3" name="a" time="0.001"/>
  <system-out>
    <![CDATA[generate the inconsistent bug]]>
  </system-out>
  <testcase classname="testNGFlags.Flag3" name="a" time="0.001"/>
  <system-out>
    <![CDATA[generate the inconsistent bug]]>
  </system-out>
  <testcase classname="testNGFlags.Flag3" name="a" time="0.001"/>
  <system-out>
    <![CDATA[generate the inconsistent bug]]>
  </system-out>
  <testcase classname="testNGFlags.Flag3" name="a" time="0.001"/>
  <system-out>
    <![CDATA[generate the inconsistent bug]]>
  </system-out>
  <testcase classname="testNGFlags.Flag3" name="a" time="0.001"/>
  <system-out>
    <![CDATA[generate the inconsistent bug]]>
  </system-out>
  <testcase classname="testNGFlags.Flag3" name="a" time="0.000"/>
  <system-out>
    <![CDATA[generate the inconsistent bug]]>
  </system-out>
  <testcase classname="testNGFlags.Flag3" name="a" time="0.001"/>
  <system-out>
    <![CDATA[generate the inconsistent bug]]>
  </system-out>
  <testcase classname="testNGFlags.Flag3" name="a" time="0.001"/>
  <system-out>
    <![CDATA[generate the inconsistent bug]]>
  </system-out>
  <testcase classname="testNGFlags.Flag3" name="a" time="0.001"/>
  <system-out>
    <![CDATA[generate the inconsistent bug]]>
  </system-out>
  <testcase classname="testNGFlags.Flag3" name="a" time="0.001"/>
  <system-out>
    <![CDATA[generate the inconsistent bug]]>
  </system-out>
  <testcase classname="testNGFlags.Flag3" name="a" time="0.001"/>
  <system-out>
    <![CDATA[generate the inconsistent bug]]>
  </system-out>
  <testcase classname="testNGFlags.Flag3" name="a" time="0.001"/>
  <system-out>
    <![CDATA[generate the inconsistent bug]]>
  </system-out>
  <testcase classname="testNGFlags.Flag3" name="a" time="0.001"/>
  <system-out>
    <![CDATA[generate the inconsistent bug]]>
  </system-out>
  <testcase classname="testNGFlags.Flag3" name="a" time="0.001"/>
  <system-out>
    <![CDATA[generate the inconsistent bug]]>
  </system-out>
  <testcase classname="testNGFlags.Flag3" name="a" time="0.001"/>
  <system-out>
    <![CDATA[generate the inconsistent bug]]>
  </system-out>
  <testcase classname="testNGFlags.Flag3" name="a" time="0.001"/>
  <system-out>
    <![CDATA[generate the inconsistent bug]]>
  </system-out>
  <testcase classname="testNGFlags.Flag3" name="a" time="0.001"/>
  <system-out>
    <![CDATA[generate the inconsistent bug]]>
  </system-out>
  <testcase classname="testNGFlags.Flag3" name="a" time="0.001"/>
  <system-out>
    <![CDATA[generate the inconsistent bug]]>
  </system-out>
  <testcase classname="testNGFlags.Flag3" name="a" time="0.000"/>
  <system-out>
    <![CDATA[generate the inconsistent bug]]>
  </system-out>
  <testcase classname="testNGFlags.Flag3" name="a" time="0.001"/>
  <system-out>
    <![CDATA[generate the inconsistent bug]]>
  </system-out>
  <testcase classname="testNGFlags.Flag3" name="a" time="0.001"/>
  <system-out>
    <![CDATA[generate the inconsistent bug]]>
  </system-out>
  <testcase classname="testNGFlags.Flag3" name="a" time="0.001"/>
  <system-out>
    <![CDATA[generate the inconsistent bug]]>
  </system-out>
  <testcase classname="testNGFlags.Flag3" name="a" time="0.001"/>
  <system-out>
    <![CDATA[generate the inconsistent bug]]>
  </system-out>
  <testcase classname="testNGFlags.Flag3" name="a" time="0.001"/>
  <system-out>
    <![CDATA[generate the inconsistent bug]]>
  </system-out>
  <testcase classname="testNGFlags.Flag3" name="a" time="0.001"/>
  <system-out>
    <![CDATA[generate the inconsistent bug]]>
  </system-out>
  <testcase classname="testNGFlags.Flag3" name="a" time="0.000"/>
  <system-out>
    <![CDATA[generate the inconsistent bug]]>
  </system-out>
  <testcase classname="testNGFlags.Flag3" name="a" time="0.001"/>
  <system-out>
    <![CDATA[generate the inconsistent bug]]>
  </system-out>
  <testcase classname="testNGFlags.Flag3" name="a" time="0.001"/>
  <system-out>
    <![CDATA[generate the inconsistent bug]]>
  </system-out>
  <testcase classname="testNGFlags.Flag3" name="a" time="0.002"/>
  <system-out>
    <![CDATA[generate the inconsistent bug]]>
  </system-out>
  <testcase classname="testNGFlags.Flag3" name="a" time="0.001"/>
  <system-out>
    <![CDATA[generate the inconsistent bug]]>
  </system-out>
  <testcase classname="testNGFlags.Flag3" name="a" time="0.000"/>
  <system-out>
    <![CDATA[generate the inconsistent bug]]>
  </system-out>
  <testcase classname="testNGFlags.Flag3" name="a" time="0.002"/>
  <system-out>
    <![CDATA[generate the inconsistent bug]]>
  </system-out>
  <testcase classname="testNGFlags.Flag3" name="a" time="0.000"/>
  <system-out>
    <![CDATA[generate the inconsistent bug]]>
  </system-out>
  <testcase classname="testNGFlags.Flag3" name="a" time="0.001"/>
  <system-out>
    <![CDATA[generate the inconsistent bug]]>
  </system-out>
  <testcase classname="testNGFlags.Flag3" name="a" time="0.001"/>
  <system-out>
    <![CDATA[generate the inconsistent bug]]>
  </system-out>
  <testcase classname="testNGFlags.Flag3" name="a" time="0.001"/>
  <system-out>
    <![CDATA[generate the inconsistent bug]]>
  </system-out>
  <testcase classname="testNGFlags.Flag3" name="a" time="0.000"/>
  <system-out>
    <![CDATA[generate the inconsistent bug]]>
  </system-out>
  <testcase classname="testNGFlags.Flag3" name="a" time="0.000"/>
  <system-out>
    <![CDATA[generate the inconsistent bug]]>
  </system-out>
  <testcase classname="testNGFlags.Flag3" name="a" time="0.010"/>
  <system-out>
    <![CDATA[generate the inconsistent bug]]>
  </system-out>
  <testcase classname="testNGFlags.Flag3" name="a" time="0.001"/>
  <system-out>
    <![CDATA[generate the inconsistent bug]]>
  </system-out>
  <testcase classname="testNGFlags.Flag3" name="a" time="0.001"/>
  <system-out>
    <![CDATA[generate the inconsistent bug]]>
  </system-out>
  <testcase classname="testNGFlags.Flag3" name="a" time="0.001"/>
  <system-out>
    <![CDATA[generate the inconsistent bug]]>
  </system-out>
  <testcase classname="testNGFlags.Flag3" name="a" time="0.001"/>
  <system-out>
    <![CDATA[generate the inconsistent bug]]>
  </system-out>
  <testcase classname="testNGFlags.Flag3" name="a" time="0.001"/>
  <system-out>
    <![CDATA[generate the inconsistent bug]]>
  </system-out>
  <testcase classname="testNGFlags.Flag3" name="a" time="0.001"/>
  <system-out>
    <![CDATA[generate the inconsistent bug]]>
  </system-out>
  <testcase classname="testNGFlags.Flag3" name="a" time="0.000"/>
  <system-out>
    <![CDATA[generate the inconsistent bug]]>
  </system-out>
  <testcase classname="testNGFlags.Flag3" name="a" time="0.001"/>
  <system-out>
    <![CDATA[generate the inconsistent bug]]>
  </system-out>
  <testcase classname="testNGFlags.Flag3" name="a" time="0.000"/>
  <system-out>
    <![CDATA[generate the inconsistent bug]]>
  </system-out>
  <testcase classname="testNGFlags.Flag3" name="a" time="0.001"/>
  <system-out>
    <![CDATA[generate the inconsistent bug]]>
  </system-out>
  <testcase classname="testNGFlags.Flag3" name="a" time="0.001"/>
  <system-out>
    <![CDATA[generate the inconsistent bug]]>
  </system-out>
</testsuite> <!-- testNGFlags.Flag3 -->
